<?xml version="1.0" encoding="UTF-8"?>
<coverage generated="1474043669469" clover="3.2.0">
  <project timestamp="1474043669469" name="All files">
    <metrics statements="93" coveredstatements="38" conditionals="65" coveredconditionals="25" methods="40" coveredmethods="14" elements="198" coveredelements="77" complexity="0" loc="93" ncloc="93" packages="4" files="6" classes="6">
      <package name="react-site">
        <metrics statements="1" coveredstatements="1" conditionals="0" coveredconditionals="0" methods="0" coveredmethods="0"/>
        <file name="config.js" path="/home/cameron/Projects/react-site/config.js">
          <metrics statements="1" coveredstatements="1" conditionals="0" coveredconditionals="0" methods="0" coveredmethods="0"/>
          <line num="1" count="1" type="stmt"/>
        </file>
      </package>
      <package name="react-site.src">
        <metrics statements="23" coveredstatements="3" conditionals="8" coveredconditionals="0" methods="9" coveredmethods="0"/>
        <file name="helpers.js" path="/home/cameron/Projects/react-site/src/helpers.js">
          <metrics statements="23" coveredstatements="3" conditionals="8" coveredconditionals="0" methods="9" coveredmethods="0"/>
          <line num="1" count="1" type="stmt"/>
          <line num="2" count="1" type="stmt"/>
          <line num="4" count="1" type="stmt"/>
          <line num="6" count="0" type="stmt"/>
          <line num="13" count="0" type="stmt"/>
          <line num="14" count="0" type="stmt"/>
          <line num="15" count="0" type="stmt"/>
          <line num="20" count="0" type="stmt"/>
          <line num="21" count="0" type="stmt"/>
          <line num="22" count="0" type="stmt"/>
          <line num="23" count="0" type="stmt"/>
          <line num="26" count="0" type="stmt"/>
          <line num="27" count="0" type="stmt"/>
          <line num="29" count="0" type="stmt"/>
          <line num="31" count="0" type="stmt"/>
          <line num="33" count="0" type="stmt"/>
          <line num="35" count="0" type="stmt"/>
          <line num="41" count="0" type="stmt"/>
          <line num="42" count="0" type="stmt"/>
          <line num="43" count="0" type="stmt"/>
          <line num="45" count="0" type="stmt"/>
          <line num="52" count="0" type="stmt"/>
          <line num="53" count="0" type="stmt"/>
        </file>
      </package>
      <package name="react-site.src.components.Comment">
        <metrics statements="66" coveredstatements="31" conditionals="30" coveredconditionals="14" methods="25" coveredmethods="10"/>
        <file name="CommentBox.js" path="/home/cameron/Projects/react-site/src/components/Comment/CommentBox.js">
          <metrics statements="28" coveredstatements="15" conditionals="12" coveredconditionals="6" methods="10" coveredmethods="5"/>
          <line num="3" count="3" type="stmt"/>
          <line num="5" count="1" type="stmt"/>
          <line num="7" count="1" type="stmt"/>
          <line num="10" count="1" type="stmt"/>
          <line num="14" count="2" type="stmt"/>
          <line num="15" count="2" type="stmt"/>
          <line num="16" count="2" type="stmt"/>
          <line num="18" count="2" type="stmt"/>
          <line num="19" count="8" type="stmt"/>
          <line num="22" count="2" type="stmt"/>
          <line num="23" count="0" type="stmt"/>
          <line num="24" count="0" type="stmt"/>
          <line num="26" count="0" type="stmt"/>
          <line num="28" count="0" type="stmt"/>
          <line num="29" count="0" type="stmt"/>
          <line num="32" count="2" type="stmt"/>
          <line num="36" count="0" type="stmt"/>
          <line num="37" count="0" type="stmt"/>
          <line num="38" count="0" type="stmt"/>
          <line num="39" count="0" type="stmt"/>
          <line num="46" count="0" type="stmt"/>
          <line num="51" count="0" type="stmt"/>
          <line num="56" count="1" type="stmt"/>
          <line num="59" count="0" type="stmt"/>
          <line num="60" count="0" type="stmt"/>
          <line num="75" count="1" type="stmt"/>
          <line num="76" count="1" type="stmt"/>
          <line num="90" count="1" type="stmt"/>
        </file>
        <file name="CommentForm.js" path="/home/cameron/Projects/react-site/src/components/Comment/CommentForm.js">
          <metrics statements="13" coveredstatements="5" conditionals="8" coveredconditionals="3" methods="5" coveredmethods="3"/>
          <line num="1" count="1" type="stmt"/>
          <line num="3" count="1" type="stmt"/>
          <line num="5" count="1" type="stmt"/>
          <line num="8" count="0" type="stmt"/>
          <line num="11" count="0" type="stmt"/>
          <line num="12" count="0" type="stmt"/>
          <line num="13" count="0" type="stmt"/>
          <line num="14" count="0" type="stmt"/>
          <line num="15" count="0" type="stmt"/>
          <line num="17" count="0" type="stmt"/>
          <line num="18" count="0" type="stmt"/>
          <line num="21" count="1" type="stmt"/>
          <line num="36" count="1" type="stmt"/>
        </file>
        <file name="CommentList.js" path="/home/cameron/Projects/react-site/src/components/Comment/CommentList.js">
          <metrics statements="25" coveredstatements="11" conditionals="10" coveredconditionals="5" methods="10" coveredmethods="2"/>
          <line num="3" count="2" type="stmt"/>
          <line num="5" count="1" type="stmt"/>
          <line num="6" count="1" type="stmt"/>
          <line num="12" count="1" type="stmt"/>
          <line num="14" count="0" type="stmt"/>
          <line num="17" count="0" type="stmt"/>
          <line num="18" count="0" type="stmt"/>
          <line num="20" count="0" type="stmt"/>
          <line num="31" count="0" type="stmt"/>
          <line num="38" count="0" type="stmt"/>
          <line num="71" count="1" type="stmt"/>
          <line num="73" count="1" type="stmt"/>
          <line num="74" count="1" type="stmt"/>
          <line num="75" count="1" type="stmt"/>
          <line num="76" count="1" type="stmt"/>
          <line num="77" count="0" type="stmt"/>
          <line num="78" count="0" type="stmt"/>
          <line num="80" count="0" type="stmt"/>
          <line num="81" count="0" type="stmt"/>
          <line num="83" count="0" type="stmt"/>
          <line num="86" count="0" type="stmt"/>
          <line num="89" count="0" type="stmt"/>
          <line num="106" count="1" type="stmt"/>
          <line num="112" count="0" type="stmt"/>
          <line num="119" count="1" type="stmt"/>
        </file>
      </package>
      <package name="react-site.src.components.Modal">
        <metrics statements="3" coveredstatements="3" conditionals="27" coveredconditionals="11" methods="6" coveredmethods="4"/>
        <file name="ReplyModal.js" path="/home/cameron/Projects/react-site/src/components/Modal/ReplyModal.js">
          <metrics statements="3" coveredstatements="3" conditionals="27" coveredconditionals="11" methods="6" coveredmethods="4"/>
          <line num="1" count="6" type="stmt"/>
          <line num="2" count="1" type="stmt"/>
          <line num="4" count="1" type="stmt"/>
        </file>
      </package>
    </metrics>
  </project>
</coverage>
