{"/home/cameron/Projects/react-site/config.js": {"path":"/home/cameron/Projects/react-site/config.js","statementMap":{"1":{"start":{"line":1,"column":37},"end":{"line":13,"column":76}}},"fnMap":{},"branchMap":{},"s":{"1":1},"f":{},"b":{},"hash":"7a90ff4b840d533e3f8548028721774a69c4e5a6"}
,"/home/cameron/Projects/react-site/src/helpers.js": {"path":"/home/cameron/Projects/react-site/src/helpers.js","statementMap":{"1":{"start":{"line":1,"column":50},"end":{"line":1,"column":70}},"2":{"start":{"line":2,"column":8},"end":{"line":2,"column":25}},"3":{"start":{"line":4,"column":0},"end":{"line":58,"column":5}},"4":{"start":{"line":6,"column":2},"end":{"line":6,"column":34}},"5":{"start":{"line":13,"column":21},"end":{"line":13,"column":47}},"6":{"start":{"line":14,"column":22},"end":{"line":14,"column":68}},"7":{"start":{"line":15,"column":2},"end":{"line":15,"column":62}},"8":{"start":{"line":20,"column":17},"end":{"line":24,"column":3}},"9":{"start":{"line":21,"column":15},"end":{"line":21,"column":65}},"10":{"start":{"line":22,"column":13},"end":{"line":22,"column":51}},"11":{"start":{"line":23,"column":3},"end":{"line":23,"column":30}},"12":{"start":{"line":26,"column":2},"end":{"line":36,"column":5}},"13":{"start":{"line":27,"column":3},"end":{"line":30,"column":4}},"14":{"start":{"line":29,"column":4},"end":{"line":29,"column":13}},"15":{"start":{"line":31,"column":3},"end":{"line":34,"column":4}},"16":{"start":{"line":33,"column":4},"end":{"line":33,"column":14}},"17":{"start":{"line":35,"column":3},"end":{"line":35,"column":12}},"18":{"start":{"line":41,"column":2},"end":{"line":47,"column":5}},"19":{"start":{"line":42,"column":3},"end":{"line":46,"column":4}},"20":{"start":{"line":43,"column":4},"end":{"line":43,"column":14}},"21":{"start":{"line":45,"column":4},"end":{"line":45,"column":13}},"22":{"start":{"line":52,"column":2},"end":{"line":57,"column":5}},"23":{"start":{"line":53,"column":3},"end":{"line":55,"column":24}}},"fnMap":{"1":{"name":"isInArray","decl":{"start":{"line":5,"column":45},"end":{"line":5,"column":54}},"loc":{"start":{"line":5,"column":68},"end":{"line":7,"column":2}}},"2":{"name":"formatDate","decl":{"start":{"line":12,"column":22},"end":{"line":12,"column":32}},"loc":{"start":{"line":12,"column":43},"end":{"line":16,"column":2}}},"3":{"name":"orderByHot","decl":{"start":{"line":19,"column":46},"end":{"line":19,"column":56}},"loc":{"start":{"line":19,"column":66},"end":{"line":37,"column":2}}},"4":{"name":"getScore","decl":{"start":{"line":20,"column":26},"end":{"line":20,"column":34}},"loc":{"start":{"line":20,"column":48},"end":{"line":24,"column":3}}},"5":{"name":"(anonymous_5)","decl":{"start":{"line":26,"column":22},"end":{"line":26,"column":23}},"loc":{"start":{"line":26,"column":38},"end":{"line":36,"column":3}}},"6":{"name":"orderByDate","decl":{"start":{"line":40,"column":47},"end":{"line":40,"column":58}},"loc":{"start":{"line":40,"column":68},"end":{"line":48,"column":2}}},"7":{"name":"(anonymous_7)","decl":{"start":{"line":41,"column":22},"end":{"line":41,"column":23}},"loc":{"start":{"line":41,"column":38},"end":{"line":47,"column":3}}},"8":{"name":"suggestItems","decl":{"start":{"line":51,"column":48},"end":{"line":51,"column":60}},"loc":{"start":{"line":51,"column":77},"end":{"line":58,"column":2}}},"9":{"name":"(anonymous_9)","decl":{"start":{"line":52,"column":22},"end":{"line":52,"column":23}},"loc":{"start":{"line":52,"column":38},"end":{"line":57,"column":3}}}},"branchMap":{"1":{"loc":{"start":{"line":27,"column":3},"end":{"line":30,"column":4}},"type":"if","locations":[{"start":{"line":27,"column":3},"end":{"line":30,"column":4}},{"start":{"line":27,"column":3},"end":{"line":30,"column":4}}]},"2":{"loc":{"start":{"line":31,"column":3},"end":{"line":34,"column":4}},"type":"if","locations":[{"start":{"line":31,"column":3},"end":{"line":34,"column":4}},{"start":{"line":31,"column":3},"end":{"line":34,"column":4}}]},"3":{"loc":{"start":{"line":42,"column":3},"end":{"line":46,"column":4}},"type":"if","locations":[{"start":{"line":42,"column":3},"end":{"line":46,"column":4}},{"start":{"line":42,"column":3},"end":{"line":46,"column":4}}]},"4":{"loc":{"start":{"line":54,"column":4},"end":{"line":55,"column":22}},"type":"binary-expr","locations":[{"start":{"line":54,"column":4},"end":{"line":54,"column":72}},{"start":{"line":55,"column":4},"end":{"line":55,"column":22}}]}},"s":{"1":1,"2":1,"3":1,"4":0,"5":0,"6":0,"7":0,"8":0,"9":0,"10":0,"11":0,"12":0,"13":0,"14":0,"15":0,"16":0,"17":0,"18":0,"19":0,"20":0,"21":0,"22":0,"23":0},"f":{"1":0,"2":0,"3":0,"4":0,"5":0,"6":0,"7":0,"8":0,"9":0},"b":{"1":[0,0],"2":[0,0],"3":[0,0],"4":[0,0]},"hash":"5658ef665815919ff30938f8c2709bd9b7b6b63a"}
,"/home/cameron/Projects/react-site/src/components/Comment/CommentBox.js": {"path":"/home/cameron/Projects/react-site/src/components/Comment/CommentBox.js","statementMap":{"1":{"start":{"line":3,"column":188},"end":{"line":3,"column":242}},"2":{"start":{"line":5,"column":13},"end":{"line":5,"column":39}},"3":{"start":{"line":7,"column":8},"end":{"line":7,"column":25}},"4":{"start":{"line":10,"column":41},"end":{"line":87,"column":6}},"5":{"start":{"line":14,"column":15},"end":{"line":14,"column":19}},"6":{"start":{"line":15,"column":4},"end":{"line":15,"column":53}},"7":{"start":{"line":16,"column":4},"end":{"line":16,"column":65}},"8":{"start":{"line":18,"column":18},"end":{"line":20,"column":6}},"9":{"start":{"line":19,"column":6},"end":{"line":19,"column":40}},"10":{"start":{"line":22,"column":4},"end":{"line":31,"column":5}},"11":{"start":{"line":23,"column":6},"end":{"line":27,"column":7}},"12":{"start":{"line":24,"column":8},"end":{"line":24,"column":23}},"13":{"start":{"line":26,"column":8},"end":{"line":26,"column":36}},"14":{"start":{"line":28,"column":6},"end":{"line":30,"column":9}},"15":{"start":{"line":29,"column":8},"end":{"line":29,"column":37}},"16":{"start":{"line":32,"column":4},"end":{"line":32,"column":16}},"17":{"start":{"line":36,"column":19},"end":{"line":36,"column":38}},"18":{"start":{"line":37,"column":22},"end":{"line":37,"column":48}},"19":{"start":{"line":38,"column":4},"end":{"line":38,"column":41}},"20":{"start":{"line":39,"column":4},"end":{"line":52,"column":22}},"21":{"start":{"line":46,"column":8},"end":{"line":46,"column":38}},"22":{"start":{"line":51,"column":8},"end":{"line":51,"column":62}},"23":{"start":{"line":56,"column":4},"end":{"line":56,"column":24}},"24":{"start":{"line":59,"column":4},"end":{"line":59,"column":46}},"25":{"start":{"line":60,"column":18},"end":{"line":67,"column":25}},"26":{"start":{"line":75,"column":27},"end":{"line":75,"column":62}},"27":{"start":{"line":76,"column":4},"end":{"line":84,"column":57}},"28":{"start":{"line":90,"column":0},"end":{"line":90,"column":28}}},"fnMap":{"1":{"name":"_interopRequireDefault","decl":{"start":{"line":3,"column":159},"end":{"line":3,"column":181}},"loc":{"start":{"line":3,"column":187},"end":{"line":3,"column":243}}},"2":{"name":"buildTree","decl":{"start":{"line":13,"column":46},"end":{"line":13,"column":55}},"loc":{"start":{"line":13,"column":77},"end":{"line":33,"column":3}}},"3":{"name":"(anonymous_3)","decl":{"start":{"line":18,"column":34},"end":{"line":18,"column":35}},"loc":{"start":{"line":18,"column":51},"end":{"line":20,"column":5}}},"4":{"name":"(anonymous_4)","decl":{"start":{"line":28,"column":22},"end":{"line":28,"column":23}},"loc":{"start":{"line":28,"column":39},"end":{"line":30,"column":7}}},"5":{"name":"handleCommentSubmit","decl":{"start":{"line":35,"column":56},"end":{"line":35,"column":75}},"loc":{"start":{"line":35,"column":85},"end":{"line":54,"column":3}}},"6":{"name":"(anonymous_6)","decl":{"start":{"line":45,"column":15},"end":{"line":45,"column":16}},"loc":{"start":{"line":45,"column":31},"end":{"line":48,"column":7}}},"7":{"name":"(anonymous_7)","decl":{"start":{"line":49,"column":13},"end":{"line":49,"column":14}},"loc":{"start":{"line":49,"column":41},"end":{"line":52,"column":7}}},"8":{"name":"getInitialState","decl":{"start":{"line":55,"column":52},"end":{"line":55,"column":67}},"loc":{"start":{"line":55,"column":70},"end":{"line":57,"column":3}}},"9":{"name":"onAddFile","decl":{"start":{"line":58,"column":46},"end":{"line":58,"column":55}},"loc":{"start":{"line":58,"column":61},"end":{"line":70,"column":3}}},"10":{"name":"render","decl":{"start":{"line":72,"column":43},"end":{"line":72,"column":49}},"loc":{"start":{"line":72,"column":52},"end":{"line":87,"column":3}}}},"branchMap":{"1":{"loc":{"start":{"line":3,"column":195},"end":{"line":3,"column":241}},"type":"cond-expr","locations":[{"start":{"line":3,"column":219},"end":{"line":3,"column":222}},{"start":{"line":3,"column":225},"end":{"line":3,"column":241}}]},"2":{"loc":{"start":{"line":3,"column":195},"end":{"line":3,"column":216}},"type":"binary-expr","locations":[{"start":{"line":3,"column":195},"end":{"line":3,"column":198}},{"start":{"line":3,"column":202},"end":{"line":3,"column":216}}]},"3":{"loc":{"start":{"line":15,"column":11},"end":{"line":15,"column":52}},"type":"cond-expr","locations":[{"start":{"line":15,"column":43},"end":{"line":15,"column":47}},{"start":{"line":15,"column":50},"end":{"line":15,"column":52}}]},"4":{"loc":{"start":{"line":16,"column":13},"end":{"line":16,"column":64}},"type":"cond-expr","locations":[{"start":{"line":16,"column":45},"end":{"line":16,"column":51}},{"start":{"line":16,"column":54},"end":{"line":16,"column":64}}]},"5":{"loc":{"start":{"line":22,"column":4},"end":{"line":31,"column":5}},"type":"if","locations":[{"start":{"line":22,"column":4},"end":{"line":31,"column":5}},{"start":{"line":22,"column":4},"end":{"line":31,"column":5}}]},"6":{"loc":{"start":{"line":23,"column":6},"end":{"line":27,"column":7}},"type":"if","locations":[{"start":{"line":23,"column":6},"end":{"line":27,"column":7}},{"start":{"line":23,"column":6},"end":{"line":27,"column":7}}]}},"s":{"1":3,"2":1,"3":1,"4":1,"5":2,"6":2,"7":2,"8":2,"9":8,"10":2,"11":0,"12":0,"13":0,"14":0,"15":0,"16":2,"17":0,"18":0,"19":0,"20":0,"21":0,"22":0,"23":1,"24":0,"25":0,"26":1,"27":1,"28":1},"f":{"1":3,"2":2,"3":8,"4":0,"5":0,"6":0,"7":0,"8":1,"9":0,"10":1},"b":{"1":[0,3],"2":[3,3],"3":[0,2],"4":[0,2],"5":[0,2],"6":[0,0]},"hash":"cb1706e7d21aaa39b67a4f59749c3794704202cb"}
,"/home/cameron/Projects/react-site/src/components/Comment/CommentForm.js": {"path":"/home/cameron/Projects/react-site/src/components/Comment/CommentForm.js","statementMap":{"1":{"start":{"line":1,"column":199},"end":{"line":1,"column":253}},"2":{"start":{"line":3,"column":42},"end":{"line":32,"column":6}},"3":{"start":{"line":5,"column":4},"end":{"line":5,"column":24}},"4":{"start":{"line":8,"column":4},"end":{"line":8,"column":44}},"5":{"start":{"line":11,"column":4},"end":{"line":11,"column":23}},"6":{"start":{"line":12,"column":15},"end":{"line":12,"column":37}},"7":{"start":{"line":13,"column":13},"end":{"line":13,"column":32}},"8":{"start":{"line":14,"column":4},"end":{"line":16,"column":5}},"9":{"start":{"line":15,"column":6},"end":{"line":15,"column":13}},"10":{"start":{"line":17,"column":4},"end":{"line":17,"column":59}},"11":{"start":{"line":18,"column":4},"end":{"line":18,"column":32}},"12":{"start":{"line":21,"column":4},"end":{"line":29,"column":183}},"13":{"start":{"line":36,"column":0},"end":{"line":36,"column":29}}},"fnMap":{"1":{"name":"_interopRequireDefault","decl":{"start":{"line":1,"column":170},"end":{"line":1,"column":192}},"loc":{"start":{"line":1,"column":198},"end":{"line":1,"column":254}}},"2":{"name":"getInitialState","decl":{"start":{"line":4,"column":52},"end":{"line":4,"column":67}},"loc":{"start":{"line":4,"column":70},"end":{"line":6,"column":3}}},"3":{"name":"handleTextChange","decl":{"start":{"line":7,"column":53},"end":{"line":7,"column":69}},"loc":{"start":{"line":7,"column":73},"end":{"line":9,"column":3}}},"4":{"name":"handleSubmit","decl":{"start":{"line":10,"column":49},"end":{"line":10,"column":61}},"loc":{"start":{"line":10,"column":65},"end":{"line":19,"column":3}}},"5":{"name":"render","decl":{"start":{"line":20,"column":43},"end":{"line":20,"column":49}},"loc":{"start":{"line":20,"column":52},"end":{"line":32,"column":3}}}},"branchMap":{"1":{"loc":{"start":{"line":1,"column":206},"end":{"line":1,"column":252}},"type":"cond-expr","locations":[{"start":{"line":1,"column":230},"end":{"line":1,"column":233}},{"start":{"line":1,"column":236},"end":{"line":1,"column":252}}]},"2":{"loc":{"start":{"line":1,"column":206},"end":{"line":1,"column":227}},"type":"binary-expr","locations":[{"start":{"line":1,"column":206},"end":{"line":1,"column":209}},{"start":{"line":1,"column":213},"end":{"line":1,"column":227}}]},"3":{"loc":{"start":{"line":14,"column":4},"end":{"line":16,"column":5}},"type":"if","locations":[{"start":{"line":14,"column":4},"end":{"line":16,"column":5}},{"start":{"line":14,"column":4},"end":{"line":16,"column":5}}]},"4":{"loc":{"start":{"line":14,"column":8},"end":{"line":14,"column":20}},"type":"binary-expr","locations":[{"start":{"line":14,"column":8},"end":{"line":14,"column":13}},{"start":{"line":14,"column":17},"end":{"line":14,"column":20}}]}},"s":{"1":1,"2":1,"3":1,"4":0,"5":0,"6":0,"7":0,"8":0,"9":0,"10":0,"11":0,"12":1,"13":1},"f":{"1":1,"2":1,"3":0,"4":0,"5":1},"b":{"1":[0,1],"2":[1,1],"3":[0,0],"4":[0,0]},"hash":"b14d55147ddad5e686998d459aeb1ffc23ab4712"}
,"/home/cameron/Projects/react-site/src/components/Comment/CommentList.js": {"path":"/home/cameron/Projects/react-site/src/components/Comment/CommentList.js","statementMap":{"1":{"start":{"line":3,"column":191},"end":{"line":3,"column":245}},"2":{"start":{"line":5,"column":14},"end":{"line":5,"column":38}},"3":{"start":{"line":6,"column":13},"end":{"line":6,"column":39}},"4":{"start":{"line":12,"column":38},"end":{"line":67,"column":6}},"5":{"start":{"line":14,"column":4},"end":{"line":14,"column":39}},"6":{"start":{"line":17,"column":4},"end":{"line":19,"column":5}},"7":{"start":{"line":18,"column":6},"end":{"line":18,"column":13}},"8":{"start":{"line":20,"column":4},"end":{"line":32,"column":11}},"9":{"start":{"line":31,"column":8},"end":{"line":31,"column":80}},"10":{"start":{"line":38,"column":4},"end":{"line":63,"column":62}},"11":{"start":{"line":71,"column":42},"end":{"line":116,"column":6}},"12":{"start":{"line":73,"column":19},"end":{"line":73,"column":38}},"13":{"start":{"line":74,"column":26},"end":{"line":74,"column":52}},"14":{"start":{"line":75,"column":4},"end":{"line":115,"column":5}},"15":{"start":{"line":76,"column":25},"end":{"line":105,"column":8}},"16":{"start":{"line":77,"column":20},"end":{"line":77,"column":59}},"17":{"start":{"line":78,"column":19},"end":{"line":78,"column":28}},"18":{"start":{"line":80,"column":8},"end":{"line":84,"column":9}},"19":{"start":{"line":81,"column":22},"end":{"line":81,"column":29}},"20":{"start":{"line":83,"column":22},"end":{"line":83,"column":31}},"21":{"start":{"line":86,"column":20},"end":{"line":87,"column":34}},"22":{"start":{"line":89,"column":8},"end":{"line":101,"column":27}},"23":{"start":{"line":106,"column":6},"end":{"line":108,"column":25}},"24":{"start":{"line":112,"column":6},"end":{"line":113,"column":125}},"25":{"start":{"line":119,"column":0},"end":{"line":119,"column":29}}},"fnMap":{"1":{"name":"_interopRequireDefault","decl":{"start":{"line":3,"column":162},"end":{"line":3,"column":184}},"loc":{"start":{"line":3,"column":190},"end":{"line":3,"column":246}}},"2":{"name":"getInitialState","decl":{"start":{"line":13,"column":52},"end":{"line":13,"column":67}},"loc":{"start":{"line":13,"column":70},"end":{"line":15,"column":3}}},"3":{"name":"sendLikeToServer","decl":{"start":{"line":16,"column":53},"end":{"line":16,"column":69}},"loc":{"start":{"line":16,"column":87},"end":{"line":34,"column":3}}},"4":{"name":"success","decl":{"start":{"line":27,"column":48},"end":{"line":27,"column":55}},"loc":{"start":{"line":27,"column":62},"end":{"line":29,"column":7}}},"5":{"name":"error","decl":{"start":{"line":30,"column":46},"end":{"line":30,"column":51}},"loc":{"start":{"line":30,"column":70},"end":{"line":32,"column":7}}},"6":{"name":"render","decl":{"start":{"line":36,"column":43},"end":{"line":36,"column":49}},"loc":{"start":{"line":36,"column":52},"end":{"line":67,"column":3}}},"7":{"name":"onClick","decl":{"start":{"line":48,"column":56},"end":{"line":48,"column":63}},"loc":{"start":{"line":48,"column":66},"end":{"line":48,"column":170}}},"8":{"name":"onClick","decl":{"start":{"line":51,"column":56},"end":{"line":51,"column":63}},"loc":{"start":{"line":51,"column":66},"end":{"line":51,"column":168}}},"9":{"name":"render","decl":{"start":{"line":72,"column":43},"end":{"line":72,"column":49}},"loc":{"start":{"line":72,"column":52},"end":{"line":116,"column":3}}},"10":{"name":"(anonymous_10)","decl":{"start":{"line":76,"column":49},"end":{"line":76,"column":50}},"loc":{"start":{"line":76,"column":68},"end":{"line":105,"column":7}}}},"branchMap":{"1":{"loc":{"start":{"line":3,"column":198},"end":{"line":3,"column":244}},"type":"cond-expr","locations":[{"start":{"line":3,"column":222},"end":{"line":3,"column":225}},{"start":{"line":3,"column":228},"end":{"line":3,"column":244}}]},"2":{"loc":{"start":{"line":3,"column":198},"end":{"line":3,"column":219}},"type":"binary-expr","locations":[{"start":{"line":3,"column":198},"end":{"line":3,"column":201}},{"start":{"line":3,"column":205},"end":{"line":3,"column":219}}]},"3":{"loc":{"start":{"line":17,"column":4},"end":{"line":19,"column":5}},"type":"if","locations":[{"start":{"line":17,"column":4},"end":{"line":19,"column":5}},{"start":{"line":17,"column":4},"end":{"line":19,"column":5}}]},"4":{"loc":{"start":{"line":75,"column":4},"end":{"line":115,"column":5}},"type":"if","locations":[{"start":{"line":75,"column":4},"end":{"line":115,"column":5}},{"start":{"line":75,"column":4},"end":{"line":115,"column":5}}]},"5":{"loc":{"start":{"line":80,"column":8},"end":{"line":84,"column":9}},"type":"if","locations":[{"start":{"line":80,"column":8},"end":{"line":84,"column":9}},{"start":{"line":80,"column":8},"end":{"line":84,"column":9}}]}},"s":{"1":2,"2":1,"3":1,"4":1,"5":0,"6":0,"7":0,"8":0,"9":0,"10":0,"11":1,"12":1,"13":1,"14":1,"15":1,"16":0,"17":0,"18":0,"19":0,"20":0,"21":0,"22":0,"23":1,"24":0,"25":1},"f":{"1":2,"2":0,"3":0,"4":0,"5":0,"6":0,"7":0,"8":0,"9":1,"10":0},"b":{"1":[1,1],"2":[2,2],"3":[0,0],"4":[1,0],"5":[0,0]},"hash":"54f8364a922c7a088e965fead8f4f33ceacabaf9"}
,"/home/cameron/Projects/react-site/src/components/Modal/ReplyModal.js": {"path":"/home/cameron/Projects/react-site/src/components/Modal/ReplyModal.js","statementMap":{"1":{"start":{"line":1,"column":37},"end":{"line":1,"column":99}},"2":{"start":{"line":1,"column":118},"end":{"line":1,"column":647}},"3":{"start":{"line":1,"column":173},"end":{"line":1,"column":438}},"4":{"start":{"line":1,"column":230},"end":{"line":1,"column":238}},"5":{"start":{"line":1,"column":239},"end":{"line":1,"column":294}},"6":{"start":{"line":1,"column":294},"end":{"line":1,"column":325}},"7":{"start":{"line":1,"column":325},"end":{"line":1,"column":379}},"8":{"start":{"line":1,"column":352},"end":{"line":1,"column":379}},"9":{"start":{"line":1,"column":379},"end":{"line":1,"column":437}},"10":{"start":{"line":1,"column":439},"end":{"line":1,"column":644}},"11":{"start":{"line":1,"column":495},"end":{"line":1,"column":563}},"12":{"start":{"line":1,"column":511},"end":{"line":1,"column":563}},"13":{"start":{"line":1,"column":563},"end":{"line":1,"column":623}},"14":{"start":{"line":1,"column":580},"end":{"line":1,"column":623}},"15":{"start":{"line":1,"column":623},"end":{"line":1,"column":642}},"16":{"start":{"line":2,"column":240},"end":{"line":2,"column":339}},"17":{"start":{"line":2,"column":281},"end":{"line":2,"column":338}},"18":{"start":{"line":2,"column":389},"end":{"line":2,"column":488}},"19":{"start":{"line":2,"column":401},"end":{"line":2,"column":487}},"20":{"start":{"line":2,"column":488},"end":{"line":2,"column":574}},"21":{"start":{"line":2,"column":617},"end":{"line":2,"column":780}},"22":{"start":{"line":2,"column":679},"end":{"line":2,"column":779}},"23":{"start":{"line":2,"column":780},"end":{"line":2,"column":944}},"24":{"start":{"line":2,"column":944},"end":{"line":2,"column":1062}},"25":{"start":{"line":2,"column":960},"end":{"line":2,"column":1062}},"26":{"start":{"line":4,"column":13},"end":{"line":4,"column":39}}},"fnMap":{"1":{"name":"(anonymous_1)","decl":{"start":{"line":1,"column":118},"end":{"line":1,"column":119}},"loc":{"start":{"line":1,"column":130},"end":{"line":1,"column":645}}},"2":{"name":"defineProperties","decl":{"start":{"line":1,"column":140},"end":{"line":1,"column":156}},"loc":{"start":{"line":1,"column":172},"end":{"line":1,"column":439}}},"3":{"name":"(anonymous_3)","decl":{"start":{"line":1,"column":446},"end":{"line":1,"column":447}},"loc":{"start":{"line":1,"column":494},"end":{"line":1,"column":643}}},"4":{"name":"_classCallCheck","decl":{"start":{"line":2,"column":200},"end":{"line":2,"column":215}},"loc":{"start":{"line":2,"column":239},"end":{"line":2,"column":340}}},"5":{"name":"_possibleConstructorReturn","decl":{"start":{"line":2,"column":349},"end":{"line":2,"column":375}},"loc":{"start":{"line":2,"column":388},"end":{"line":2,"column":575}}},"6":{"name":"_inherits","decl":{"start":{"line":2,"column":584},"end":{"line":2,"column":593}},"loc":{"start":{"line":2,"column":616},"end":{"line":2,"column":1063}}}},"branchMap":{"1":{"loc":{"start":{"line":1,"column":263},"end":{"line":1,"column":293}},"type":"binary-expr","locations":[{"start":{"line":1,"column":263},"end":{"line":1,"column":284}},{"start":{"line":1,"column":288},"end":{"line":1,"column":293}}]},"2":{"loc":{"start":{"line":1,"column":325},"end":{"line":1,"column":379}},"type":"if","locations":[{"start":{"line":1,"column":325},"end":{"line":1,"column":379}},{"start":{"line":1,"column":325},"end":{"line":1,"column":379}}]},"3":{"loc":{"start":{"line":1,"column":495},"end":{"line":1,"column":563}},"type":"if","locations":[{"start":{"line":1,"column":495},"end":{"line":1,"column":563}},{"start":{"line":1,"column":495},"end":{"line":1,"column":563}}]},"4":{"loc":{"start":{"line":1,"column":563},"end":{"line":1,"column":623}},"type":"if","locations":[{"start":{"line":1,"column":563},"end":{"line":1,"column":623}},{"start":{"line":1,"column":563},"end":{"line":1,"column":623}}]},"5":{"loc":{"start":{"line":2,"column":240},"end":{"line":2,"column":339}},"type":"if","locations":[{"start":{"line":2,"column":240},"end":{"line":2,"column":339}},{"start":{"line":2,"column":240},"end":{"line":2,"column":339}}]},"6":{"loc":{"start":{"line":2,"column":389},"end":{"line":2,"column":488}},"type":"if","locations":[{"start":{"line":2,"column":389},"end":{"line":2,"column":488}},{"start":{"line":2,"column":389},"end":{"line":2,"column":488}}]},"7":{"loc":{"start":{"line":2,"column":495},"end":{"line":2,"column":573}},"type":"cond-expr","locations":[{"start":{"line":2,"column":562},"end":{"line":2,"column":566}},{"start":{"line":2,"column":569},"end":{"line":2,"column":573}}]},"8":{"loc":{"start":{"line":2,"column":495},"end":{"line":2,"column":559}},"type":"binary-expr","locations":[{"start":{"line":2,"column":495},"end":{"line":2,"column":499}},{"start":{"line":2,"column":504},"end":{"line":2,"column":528}},{"start":{"line":2,"column":532},"end":{"line":2,"column":558}}]},"9":{"loc":{"start":{"line":2,"column":617},"end":{"line":2,"column":780}},"type":"if","locations":[{"start":{"line":2,"column":617},"end":{"line":2,"column":780}},{"start":{"line":2,"column":617},"end":{"line":2,"column":780}}]},"10":{"loc":{"start":{"line":2,"column":621},"end":{"line":2,"column":676}},"type":"binary-expr","locations":[{"start":{"line":2,"column":621},"end":{"line":2,"column":653}},{"start":{"line":2,"column":657},"end":{"line":2,"column":676}}]},"11":{"loc":{"start":{"line":2,"column":815},"end":{"line":2,"column":849}},"type":"binary-expr","locations":[{"start":{"line":2,"column":815},"end":{"line":2,"column":825}},{"start":{"line":2,"column":829},"end":{"line":2,"column":849}}]},"12":{"loc":{"start":{"line":2,"column":944},"end":{"line":2,"column":1062}},"type":"if","locations":[{"start":{"line":2,"column":944},"end":{"line":2,"column":1062}},{"start":{"line":2,"column":944},"end":{"line":2,"column":1062}}]},"13":{"loc":{"start":{"line":2,"column":960},"end":{"line":2,"column":1061}},"type":"cond-expr","locations":[{"start":{"line":2,"column":984},"end":{"line":2,"column":1027}},{"start":{"line":2,"column":1030},"end":{"line":2,"column":1061}}]}},"s":{"1":1,"2":1,"3":1,"4":6,"5":6,"6":6,"7":6,"8":6,"9":6,"10":1,"11":1,"12":1,"13":1,"14":0,"15":1,"16":0,"17":0,"18":0,"19":0,"20":0,"21":1,"22":0,"23":1,"24":1,"25":1,"26":1},"f":{"1":1,"2":1,"3":1,"4":0,"5":0,"6":1},"b":{"1":[6,6],"2":[6,0],"3":[1,0],"4":[0,1],"5":[0,0],"6":[0,0],"7":[0,0],"8":[0,0,0],"9":[0,1],"10":[1,0],"11":[1,1],"12":[1,0],"13":[1,0]},"hash":"936374e616b298d92c3ce08f5f2a6e2db8cf60ae"}
}
