TN:
SF:/home/cameron/Projects/react-site/config.js
FNF:0
FNH:0
DA:1,1
LF:1
LH:1
BRF:0
BRH:0
end_of_record
TN:
SF:/home/cameron/Projects/react-site/src/helpers.js
FN:5,isInArray
FN:12,formatDate
FN:19,orderByHot
FN:20,getScore
FN:26,(anonymous_5)
FN:40,orderByDate
FN:41,(anonymous_7)
FN:51,suggestItems
FN:52,(anonymous_9)
FNF:9
FNH:0
FNDA:0,isInArray
FNDA:0,formatDate
FNDA:0,orderByHot
FNDA:0,getScore
FNDA:0,(anonymous_5)
FNDA:0,orderByDate
FNDA:0,(anonymous_7)
FNDA:0,suggestItems
FNDA:0,(anonymous_9)
DA:1,1
DA:2,1
DA:4,1
DA:6,0
DA:13,0
DA:14,0
DA:15,0
DA:20,0
DA:21,0
DA:22,0
DA:23,0
DA:26,0
DA:27,0
DA:29,0
DA:31,0
DA:33,0
DA:35,0
DA:41,0
DA:42,0
DA:43,0
DA:45,0
DA:52,0
DA:53,0
LF:23
LH:3
BRDA:27,1,0,0
BRDA:27,1,1,0
BRDA:31,2,0,0
BRDA:31,2,1,0
BRDA:42,3,0,0
BRDA:42,3,1,0
BRDA:54,4,0,0
BRDA:54,4,1,0
BRF:8
BRH:0
end_of_record
TN:
SF:/home/cameron/Projects/react-site/src/components/Comment/CommentBox.js
FN:3,_interopRequireDefault
FN:13,buildTree
FN:18,(anonymous_3)
FN:28,(anonymous_4)
FN:35,handleCommentSubmit
FN:45,(anonymous_6)
FN:49,(anonymous_7)
FN:55,getInitialState
FN:58,onAddFile
FN:72,render
FNF:10
FNH:5
FNDA:3,_interopRequireDefault
FNDA:2,buildTree
FNDA:8,(anonymous_3)
FNDA:0,(anonymous_4)
FNDA:0,handleCommentSubmit
FNDA:0,(anonymous_6)
FNDA:0,(anonymous_7)
FNDA:1,getInitialState
FNDA:0,onAddFile
FNDA:1,render
DA:3,3
DA:5,1
DA:7,1
DA:10,1
DA:14,2
DA:15,2
DA:16,2
DA:18,2
DA:19,8
DA:22,2
DA:23,0
DA:24,0
DA:26,0
DA:28,0
DA:29,0
DA:32,2
DA:36,0
DA:37,0
DA:38,0
DA:39,0
DA:46,0
DA:51,0
DA:56,1
DA:59,0
DA:60,0
DA:75,1
DA:76,1
DA:90,1
LF:28
LH:15
BRDA:3,1,0,0
BRDA:3,1,1,3
BRDA:3,2,0,3
BRDA:3,2,1,3
BRDA:15,3,0,0
BRDA:15,3,1,2
BRDA:16,4,0,0
BRDA:16,4,1,2
BRDA:22,5,0,0
BRDA:22,5,1,2
BRDA:23,6,0,0
BRDA:23,6,1,0
BRF:12
BRH:6
end_of_record
TN:
SF:/home/cameron/Projects/react-site/src/components/Comment/CommentForm.js
FN:1,_interopRequireDefault
FN:4,getInitialState
FN:7,handleTextChange
FN:10,handleSubmit
FN:20,render
FNF:5
FNH:3
FNDA:1,_interopRequireDefault
FNDA:1,getInitialState
FNDA:0,handleTextChange
FNDA:0,handleSubmit
FNDA:1,render
DA:1,1
DA:3,1
DA:5,1
DA:8,0
DA:11,0
DA:12,0
DA:13,0
DA:14,0
DA:15,0
DA:17,0
DA:18,0
DA:21,1
DA:36,1
LF:13
LH:5
BRDA:1,1,0,0
BRDA:1,1,1,1
BRDA:1,2,0,1
BRDA:1,2,1,1
BRDA:14,3,0,0
BRDA:14,3,1,0
BRDA:14,4,0,0
BRDA:14,4,1,0
BRF:8
BRH:3
end_of_record
TN:
SF:/home/cameron/Projects/react-site/src/components/Comment/CommentList.js
FN:3,_interopRequireDefault
FN:13,getInitialState
FN:16,sendLikeToServer
FN:27,success
FN:30,error
FN:36,render
FN:48,onClick
FN:51,onClick
FN:72,render
FN:76,(anonymous_10)
FNF:10
FNH:2
FNDA:2,_interopRequireDefault
FNDA:0,getInitialState
FNDA:0,sendLikeToServer
FNDA:0,success
FNDA:0,error
FNDA:0,render
FNDA:0,onClick
FNDA:0,onClick
FNDA:1,render
FNDA:0,(anonymous_10)
DA:3,2
DA:5,1
DA:6,1
DA:12,1
DA:14,0
DA:17,0
DA:18,0
DA:20,0
DA:31,0
DA:38,0
DA:71,1
DA:73,1
DA:74,1
DA:75,1
DA:76,1
DA:77,0
DA:78,0
DA:80,0
DA:81,0
DA:83,0
DA:86,0
DA:89,0
DA:106,1
DA:112,0
DA:119,1
LF:25
LH:11
BRDA:3,1,0,1
BRDA:3,1,1,1
BRDA:3,2,0,2
BRDA:3,2,1,2
BRDA:17,3,0,0
BRDA:17,3,1,0
BRDA:75,4,0,1
BRDA:75,4,1,0
BRDA:80,5,0,0
BRDA:80,5,1,0
BRF:10
BRH:5
end_of_record
TN:
SF:/home/cameron/Projects/react-site/src/components/Modal/ReplyModal.js
FN:1,(anonymous_1)
FN:1,defineProperties
FN:1,(anonymous_3)
FN:2,_classCallCheck
FN:2,_possibleConstructorReturn
FN:2,_inherits
FNF:6
FNH:4
FNDA:1,(anonymous_1)
FNDA:1,defineProperties
FNDA:1,(anonymous_3)
FNDA:0,_classCallCheck
FNDA:0,_possibleConstructorReturn
FNDA:1,_inherits
DA:1,6
DA:2,1
DA:4,1
LF:3
LH:3
BRDA:1,1,0,6
BRDA:1,1,1,6
BRDA:1,2,0,6
BRDA:1,2,1,0
BRDA:1,3,0,1
BRDA:1,3,1,0
BRDA:1,4,0,0
BRDA:1,4,1,1
BRDA:2,5,0,0
BRDA:2,5,1,0
BRDA:2,6,0,0
BRDA:2,6,1,0
BRDA:2,7,0,0
BRDA:2,7,1,0
BRDA:2,8,0,0
BRDA:2,8,1,0
BRDA:2,8,2,0
BRDA:2,9,0,0
BRDA:2,9,1,1
BRDA:2,10,0,1
BRDA:2,10,1,0
BRDA:2,11,0,1
BRDA:2,11,1,1
BRDA:2,12,0,1
BRDA:2,12,1,0
BRDA:2,13,0,1
BRDA:2,13,1,0
BRF:27
BRH:11
end_of_record
